<?xml version="1.0" encoding="UTF-8"?>
<robot generator="Robot 3.1 (Python 3.6.7 on linux)" generated="20190103 14:30:23.863" rpa="false">
<suite id="s1" name="AZ" source="/home/aavendano/Python Projects/Robot/Tests/AZ.robot">
<test id="s1-t1" name="Open Test Browser">
<kw name="Beging Web Test" library="Common" type="setup">
<kw name="Open Browser" library="SeleniumLibrary">
<doc>Opens a new browser instance to the given ``url``.</doc>
<arguments>
<arg>http://www.google.com</arg>
<arg>gc</arg>
</arguments>
<msg timestamp="20190103 14:30:24.000" level="INFO">Opening browser 'gc' to base url 'http://www.google.com'.</msg>
<status status="PASS" starttime="20190103 14:30:23.999" endtime="20190103 14:30:26.571"></status>
</kw>
<status status="PASS" starttime="20190103 14:30:23.999" endtime="20190103 14:30:26.571"></status>
</kw>
<kw name="Goto Page" library="Amazon">
<kw name="LoadPage" library="LandingPage">
<kw name="Go To" library="SeleniumLibrary">
<doc>Navigates the active browser instance to the provided ``url``.</doc>
<arguments>
<arg>http://www.amazon.com</arg>
</arguments>
<msg timestamp="20190103 14:30:26.573" level="INFO">Opening url 'http://www.amazon.com'</msg>
<status status="PASS" starttime="20190103 14:30:26.572" endtime="20190103 14:30:27.906"></status>
</kw>
<status status="PASS" starttime="20190103 14:30:26.572" endtime="20190103 14:30:27.906"></status>
</kw>
<kw name="Verify Page Loaded" library="LandingPage">
<kw name="Wait Until Page Contains" library="SeleniumLibrary">
<doc>Waits until ``text`` appears on current page.</doc>
<arguments>
<arg>Your Amazon.com</arg>
</arguments>
<status status="PASS" starttime="20190103 14:30:27.907" endtime="20190103 14:30:28.042"></status>
</kw>
<status status="PASS" starttime="20190103 14:30:27.906" endtime="20190103 14:30:28.042"></status>
</kw>
<status status="PASS" starttime="20190103 14:30:26.572" endtime="20190103 14:30:28.042"></status>
</kw>
<kw name="End Web Test" library="Common" type="teardown">
<kw name="Close Browser" library="SeleniumLibrary">
<doc>Closes the current browser.</doc>
<status status="PASS" starttime="20190103 14:30:28.043" endtime="20190103 14:30:28.111"></status>
</kw>
<status status="PASS" starttime="20190103 14:30:28.043" endtime="20190103 14:30:28.112"></status>
</kw>
<doc>This Test opens and closes the test browser</doc>
<tags>
<tag>Smoke</tag>
</tags>
<status status="PASS" starttime="20190103 14:30:23.998" endtime="20190103 14:30:28.112" critical="yes"></status>
</test>
<test id="s1-t2" name="User can Serach for products">
<kw name="Beging Web Test" library="Common" type="setup">
<kw name="Open Browser" library="SeleniumLibrary">
<doc>Opens a new browser instance to the given ``url``.</doc>
<arguments>
<arg>http://www.google.com</arg>
<arg>gc</arg>
</arguments>
<msg timestamp="20190103 14:30:28.115" level="INFO">Opening browser 'gc' to base url 'http://www.google.com'.</msg>
<status status="PASS" starttime="20190103 14:30:28.114" endtime="20190103 14:30:30.665"></status>
</kw>
<status status="PASS" starttime="20190103 14:30:28.114" endtime="20190103 14:30:30.665"></status>
</kw>
<kw name="Goto Page" library="Amazon">
<kw name="LoadPage" library="LandingPage">
<kw name="Go To" library="SeleniumLibrary">
<doc>Navigates the active browser instance to the provided ``url``.</doc>
<arguments>
<arg>http://www.amazon.com</arg>
</arguments>
<msg timestamp="20190103 14:30:30.667" level="INFO">Opening url 'http://www.amazon.com'</msg>
<status status="PASS" starttime="20190103 14:30:30.667" endtime="20190103 14:30:32.311"></status>
</kw>
<status status="PASS" starttime="20190103 14:30:30.666" endtime="20190103 14:30:32.311"></status>
</kw>
<kw name="Verify Page Loaded" library="LandingPage">
<kw name="Wait Until Page Contains" library="SeleniumLibrary">
<doc>Waits until ``text`` appears on current page.</doc>
<arguments>
<arg>Your Amazon.com</arg>
</arguments>
<status status="PASS" starttime="20190103 14:30:32.312" endtime="20190103 14:30:32.886"></status>
</kw>
<status status="PASS" starttime="20190103 14:30:32.311" endtime="20190103 14:30:32.886"></status>
</kw>
<status status="PASS" starttime="20190103 14:30:30.666" endtime="20190103 14:30:32.887"></status>
</kw>
<kw name="Search for Products" library="Amazon">
<kw name="Input Text" library="SeleniumLibrary">
<doc>Types the given ``text`` into text field identified by ``locator``.</doc>
<arguments>
<arg>id=twotabsearchtextbox</arg>
<arg>Ferrari 458</arg>
</arguments>
<msg timestamp="20190103 14:30:32.887" level="INFO">Typing text 'Ferrari 458' into text field 'id=twotabsearchtextbox'.</msg>
<status status="PASS" starttime="20190103 14:30:32.887" endtime="20190103 14:30:33.093"></status>
</kw>
<kw name="Click Button" library="SeleniumLibrary">
<doc>Clicks button identified by ``locator``.</doc>
<arguments>
<arg>xpath=//*[@id="nav-search"]/form/div[2]/div/input</arg>
</arguments>
<msg timestamp="20190103 14:30:33.094" level="INFO">Clicking button 'xpath=//*[@id="nav-search"]/form/div[2]/div/input'.</msg>
<status status="PASS" starttime="20190103 14:30:33.093" endtime="20190103 14:30:34.821"></status>
</kw>
<kw name="Wait Until Page Contains" library="SeleniumLibrary">
<doc>Waits until ``text`` appears on current page.</doc>
<arguments>
<arg>results for "Ferrari 458"</arg>
</arguments>
<status status="PASS" starttime="20190103 14:30:34.821" endtime="20190103 14:30:34.873"></status>
</kw>
<status status="PASS" starttime="20190103 14:30:32.887" endtime="20190103 14:30:34.873"></status>
</kw>
<kw name="End Web Test" library="Common" type="teardown">
<kw name="Close Browser" library="SeleniumLibrary">
<doc>Closes the current browser.</doc>
<status status="PASS" starttime="20190103 14:30:34.874" endtime="20190103 14:30:34.944"></status>
</kw>
<status status="PASS" starttime="20190103 14:30:34.873" endtime="20190103 14:30:34.944"></status>
</kw>
<doc>This Test Open the browser and completes a product search</doc>
<tags>
<tag>Smoke</tag>
</tags>
<status status="PASS" starttime="20190103 14:30:28.113" endtime="20190103 14:30:34.944" critical="yes"></status>
</test>
<test id="s1-t3" name="User must sign in to check out">
<kw name="Beging Web Test" library="Common" type="setup">
<kw name="Open Browser" library="SeleniumLibrary">
<doc>Opens a new browser instance to the given ``url``.</doc>
<arguments>
<arg>http://www.google.com</arg>
<arg>gc</arg>
</arguments>
<msg timestamp="20190103 14:30:34.947" level="INFO">Opening browser 'gc' to base url 'http://www.google.com'.</msg>
<status status="PASS" starttime="20190103 14:30:34.946" endtime="20190103 14:30:39.201"></status>
</kw>
<status status="PASS" starttime="20190103 14:30:34.946" endtime="20190103 14:30:39.201"></status>
</kw>
<kw name="Goto Page" library="Amazon">
<kw name="LoadPage" library="LandingPage">
<kw name="Go To" library="SeleniumLibrary">
<doc>Navigates the active browser instance to the provided ``url``.</doc>
<arguments>
<arg>http://www.amazon.com</arg>
</arguments>
<msg timestamp="20190103 14:30:39.203" level="INFO">Opening url 'http://www.amazon.com'</msg>
<status status="PASS" starttime="20190103 14:30:39.203" endtime="20190103 14:30:40.860"></status>
</kw>
<status status="PASS" starttime="20190103 14:30:39.203" endtime="20190103 14:30:40.861"></status>
</kw>
<kw name="Verify Page Loaded" library="LandingPage">
<kw name="Wait Until Page Contains" library="SeleniumLibrary">
<doc>Waits until ``text`` appears on current page.</doc>
<arguments>
<arg>Your Amazon.com</arg>
</arguments>
<status status="PASS" starttime="20190103 14:30:40.861" endtime="20190103 14:30:41.493"></status>
</kw>
<status status="PASS" starttime="20190103 14:30:40.861" endtime="20190103 14:30:41.493"></status>
</kw>
<status status="PASS" starttime="20190103 14:30:39.202" endtime="20190103 14:30:41.493"></status>
</kw>
<kw name="Search for Products" library="Amazon">
<kw name="Input Text" library="SeleniumLibrary">
<doc>Types the given ``text`` into text field identified by ``locator``.</doc>
<arguments>
<arg>id=twotabsearchtextbox</arg>
<arg>Ferrari 458</arg>
</arguments>
<msg timestamp="20190103 14:30:41.494" level="INFO">Typing text 'Ferrari 458' into text field 'id=twotabsearchtextbox'.</msg>
<status status="PASS" starttime="20190103 14:30:41.494" endtime="20190103 14:30:41.691"></status>
</kw>
<kw name="Click Button" library="SeleniumLibrary">
<doc>Clicks button identified by ``locator``.</doc>
<arguments>
<arg>xpath=//*[@id="nav-search"]/form/div[2]/div/input</arg>
</arguments>
<msg timestamp="20190103 14:30:41.692" level="INFO">Clicking button 'xpath=//*[@id="nav-search"]/form/div[2]/div/input'.</msg>
<status status="PASS" starttime="20190103 14:30:41.692" endtime="20190103 14:30:43.475"></status>
</kw>
<kw name="Wait Until Page Contains" library="SeleniumLibrary">
<doc>Waits until ``text`` appears on current page.</doc>
<arguments>
<arg>results for "Ferrari 458"</arg>
</arguments>
<status status="PASS" starttime="20190103 14:30:43.476" endtime="20190103 14:30:43.513"></status>
</kw>
<status status="PASS" starttime="20190103 14:30:41.493" endtime="20190103 14:30:43.513"></status>
</kw>
<kw name="Select Product from Search Results" library="Amazon">
<kw name="Click Link" library="SeleniumLibrary">
<doc>Clicks a link identified by ``locator``.</doc>
<arguments>
<arg>css=#result_0 &gt; div &gt; div &gt; div &gt; div.a-fixed-left-grid-col.a-col-right &gt; div.a-row.a-spacing-small &gt; div:nth-child(1) &gt; a</arg>
</arguments>
<msg timestamp="20190103 14:30:43.514" level="INFO">Clicking link 'css=#result_0 &gt; div &gt; div &gt; div &gt; div.a-fixed-left-grid-col.a-col-right &gt; div.a-row.a-spacing-small &gt; div:nth-child(1) &gt; a'.</msg>
<status status="PASS" starttime="20190103 14:30:43.514" endtime="20190103 14:30:45.558"></status>
</kw>
<kw name="Wait Until Page Contains" library="SeleniumLibrary">
<doc>Waits until ``text`` appears on current page.</doc>
<arguments>
<arg>Back to search results</arg>
</arguments>
<status status="PASS" starttime="20190103 14:30:45.559" endtime="20190103 14:30:45.698"></status>
</kw>
<status status="PASS" starttime="20190103 14:30:43.513" endtime="20190103 14:30:45.698"></status>
</kw>
<kw name="Add Product to Cart" library="Amazon">
<kw name="Click Button" library="SeleniumLibrary">
<doc>Clicks button identified by ``locator``.</doc>
<arguments>
<arg>id=add-to-cart-button</arg>
</arguments>
<msg timestamp="20190103 14:30:45.700" level="INFO">Clicking button 'id=add-to-cart-button'.</msg>
<status status="PASS" starttime="20190103 14:30:45.699" endtime="20190103 14:30:46.671"></status>
</kw>
<kw name="Wait Until Page Contains" library="SeleniumLibrary">
<doc>Waits until ``text`` appears on current page.</doc>
<arguments>
<arg>Added to Cart</arg>
</arguments>
<status status="PASS" starttime="20190103 14:30:46.671" endtime="20190103 14:30:46.718"></status>
</kw>
<status status="PASS" starttime="20190103 14:30:45.699" endtime="20190103 14:30:46.718"></status>
</kw>
<kw name="Begin Checkout" library="Amazon">
<kw name="Click Link" library="SeleniumLibrary">
<doc>Clicks a link identified by ``locator``.</doc>
<arguments>
<arg>id=hlb-ptc-btn-native</arg>
</arguments>
<msg timestamp="20190103 14:30:46.720" level="INFO">Clicking link 'id=hlb-ptc-btn-native'.</msg>
<status status="PASS" starttime="20190103 14:30:46.720" endtime="20190103 14:30:47.653"></status>
</kw>
<kw name="Page Should Contain" library="SeleniumLibrary">
<doc>Verifies that current page contains ``text``.</doc>
<arguments>
<arg>Sign in</arg>
</arguments>
<msg timestamp="20190103 14:30:47.680" level="INFO">Current page contains text 'Sign in'.</msg>
<status status="PASS" starttime="20190103 14:30:47.653" endtime="20190103 14:30:47.680"></status>
</kw>
<status status="PASS" starttime="20190103 14:30:46.719" endtime="20190103 14:30:47.681"></status>
</kw>
<kw name="End Web Test" library="Common" type="teardown">
<kw name="Close Browser" library="SeleniumLibrary">
<doc>Closes the current browser.</doc>
<status status="PASS" starttime="20190103 14:30:47.682" endtime="20190103 14:30:47.754"></status>
</kw>
<status status="PASS" starttime="20190103 14:30:47.681" endtime="20190103 14:30:47.755"></status>
</kw>
<doc>This is an End to End test</doc>
<tags>
<tag>Smoke</tag>
</tags>
<status status="PASS" starttime="20190103 14:30:34.945" endtime="20190103 14:30:47.755" critical="yes"></status>
</test>
<doc>This is some basic info about the test suite</doc>
<status status="PASS" starttime="20190103 14:30:23.864" endtime="20190103 14:30:47.756"></status>
</suite>
<statistics>
<total>
<stat pass="3" fail="0">Critical Tests</stat>
<stat pass="3" fail="0">All Tests</stat>
</total>
<tag>
<stat pass="3" fail="0">Smoke</stat>
</tag>
<suite>
<stat pass="3" fail="0" id="s1" name="AZ">AZ</stat>
</suite>
</statistics>
<errors>
</errors>
</robot>
