<?xml version="1.0" encoding="UTF-8"?>
<robot generator="Robot 3.1 (Python 3.6.7 on linux)" generated="20190103 13:45:52.681" rpa="false">
<suite id="s1" name="AZ" source="/home/aavendano/Python Projects/Robot/Tests/AZ.robot">
<test id="s1-t1" name="User can Serach for products">
<kw name="Beging Web Test" library="Common" type="setup">
<kw name="Open Browser" library="SeleniumLibrary">
<doc>Opens a new browser instance to the given ``url``.</doc>
<arguments>
<arg>http://www.amazon.com</arg>
<arg>gc</arg>
</arguments>
<msg timestamp="20190103 13:45:52.815" level="INFO">Opening browser 'gc' to base url 'http://www.amazon.com'.</msg>
<status status="PASS" starttime="20190103 13:45:52.814" endtime="20190103 13:45:57.883"></status>
</kw>
<status status="PASS" starttime="20190103 13:45:52.814" endtime="20190103 13:45:57.883"></status>
</kw>
<kw name="Search for Products" library="Amazon">
<kw name="Wait Until Page Contains" library="SeleniumLibrary">
<doc>Waits until ``text`` appears on current page.</doc>
<arguments>
<arg>Your Amazon.com</arg>
</arguments>
<status status="PASS" starttime="20190103 13:45:57.884" endtime="20190103 13:45:58.458"></status>
</kw>
<kw name="Input Text" library="SeleniumLibrary">
<doc>Types the given ``text`` into text field identified by ``locator``.</doc>
<arguments>
<arg>id=twotabsearchtextbox</arg>
<arg>Ferrari 458</arg>
</arguments>
<msg timestamp="20190103 13:45:58.458" level="INFO">Typing text 'Ferrari 458' into text field 'id=twotabsearchtextbox'.</msg>
<status status="PASS" starttime="20190103 13:45:58.458" endtime="20190103 13:45:58.692"></status>
</kw>
<kw name="Click Button" library="SeleniumLibrary">
<doc>Clicks button identified by ``locator``.</doc>
<arguments>
<arg>xpath=//*[@id="nav-search"]/form/div[2]/div/input</arg>
</arguments>
<msg timestamp="20190103 13:45:58.693" level="INFO">Clicking button 'xpath=//*[@id="nav-search"]/form/div[2]/div/input'.</msg>
<status status="PASS" starttime="20190103 13:45:58.692" endtime="20190103 13:46:00.451"></status>
</kw>
<kw name="Wait Until Page Contains" library="SeleniumLibrary">
<doc>Waits until ``text`` appears on current page.</doc>
<arguments>
<arg>results for "Ferrari 458"</arg>
</arguments>
<status status="PASS" starttime="20190103 13:46:00.452" endtime="20190103 13:46:00.491"></status>
</kw>
<status status="PASS" starttime="20190103 13:45:57.884" endtime="20190103 13:46:00.491"></status>
</kw>
<kw name="End Web Test" library="Common" type="teardown">
<kw name="Close Browser" library="SeleniumLibrary">
<doc>Closes the current browser.</doc>
<status status="PASS" starttime="20190103 13:46:00.492" endtime="20190103 13:46:00.559"></status>
</kw>
<status status="PASS" starttime="20190103 13:46:00.491" endtime="20190103 13:46:00.559"></status>
</kw>
<doc>This is some basic info about the test</doc>
<tags>
<tag>Smoke</tag>
</tags>
<status status="PASS" starttime="20190103 13:45:52.813" endtime="20190103 13:46:00.559" critical="yes"></status>
</test>
<test id="s1-t2" name="User must sign in to check out">
<kw name="Beging Web Test" library="Common" type="setup">
<kw name="Open Browser" library="SeleniumLibrary">
<doc>Opens a new browser instance to the given ``url``.</doc>
<arguments>
<arg>http://www.amazon.com</arg>
<arg>gc</arg>
</arguments>
<msg timestamp="20190103 13:46:00.563" level="INFO">Opening browser 'gc' to base url 'http://www.amazon.com'.</msg>
<status status="PASS" starttime="20190103 13:46:00.563" endtime="20190103 13:46:04.257"></status>
</kw>
<status status="PASS" starttime="20190103 13:46:00.562" endtime="20190103 13:46:04.258"></status>
</kw>
<kw name="Search for Products" library="Amazon">
<kw name="Wait Until Page Contains" library="SeleniumLibrary">
<doc>Waits until ``text`` appears on current page.</doc>
<arguments>
<arg>Your Amazon.com</arg>
</arguments>
<status status="PASS" starttime="20190103 13:46:04.259" endtime="20190103 13:46:04.822"></status>
</kw>
<kw name="Input Text" library="SeleniumLibrary">
<doc>Types the given ``text`` into text field identified by ``locator``.</doc>
<arguments>
<arg>id=twotabsearchtextbox</arg>
<arg>Ferrari 458</arg>
</arguments>
<msg timestamp="20190103 13:46:04.823" level="INFO">Typing text 'Ferrari 458' into text field 'id=twotabsearchtextbox'.</msg>
<status status="PASS" starttime="20190103 13:46:04.823" endtime="20190103 13:46:05.018"></status>
</kw>
<kw name="Click Button" library="SeleniumLibrary">
<doc>Clicks button identified by ``locator``.</doc>
<arguments>
<arg>xpath=//*[@id="nav-search"]/form/div[2]/div/input</arg>
</arguments>
<msg timestamp="20190103 13:46:05.019" level="INFO">Clicking button 'xpath=//*[@id="nav-search"]/form/div[2]/div/input'.</msg>
<status status="PASS" starttime="20190103 13:46:05.018" endtime="20190103 13:46:06.713"></status>
</kw>
<kw name="Wait Until Page Contains" library="SeleniumLibrary">
<doc>Waits until ``text`` appears on current page.</doc>
<arguments>
<arg>results for "Ferrari 458"</arg>
</arguments>
<status status="PASS" starttime="20190103 13:46:06.714" endtime="20190103 13:46:06.752"></status>
</kw>
<status status="PASS" starttime="20190103 13:46:04.258" endtime="20190103 13:46:06.752"></status>
</kw>
<kw name="Select Product from Search Results" library="Amazon">
<kw name="Click Link" library="SeleniumLibrary">
<doc>Clicks a link identified by ``locator``.</doc>
<arguments>
<arg>css=#result_0 &gt; div &gt; div &gt; div &gt; div.a-fixed-left-grid-col.a-col-right &gt; div.a-row.a-spacing-small &gt; div:nth-child(1) &gt; a</arg>
</arguments>
<msg timestamp="20190103 13:46:06.754" level="INFO">Clicking link 'css=#result_0 &gt; div &gt; div &gt; div &gt; div.a-fixed-left-grid-col.a-col-right &gt; div.a-row.a-spacing-small &gt; div:nth-child(1) &gt; a'.</msg>
<status status="PASS" starttime="20190103 13:46:06.753" endtime="20190103 13:46:09.286"></status>
</kw>
<kw name="Wait Until Page Contains" library="SeleniumLibrary">
<doc>Waits until ``text`` appears on current page.</doc>
<arguments>
<arg>Back to search results</arg>
</arguments>
<status status="PASS" starttime="20190103 13:46:09.287" endtime="20190103 13:46:09.324"></status>
</kw>
<status status="PASS" starttime="20190103 13:46:06.753" endtime="20190103 13:46:09.325"></status>
</kw>
<kw name="Add Product to Cart" library="Amazon">
<kw name="Click Button" library="SeleniumLibrary">
<doc>Clicks button identified by ``locator``.</doc>
<arguments>
<arg>id=add-to-cart-button</arg>
</arguments>
<msg timestamp="20190103 13:46:09.326" level="INFO">Clicking button 'id=add-to-cart-button'.</msg>
<status status="PASS" starttime="20190103 13:46:09.326" endtime="20190103 13:46:10.243"></status>
</kw>
<kw name="Wait Until Page Contains" library="SeleniumLibrary">
<doc>Waits until ``text`` appears on current page.</doc>
<arguments>
<arg>Added to Cart</arg>
</arguments>
<status status="PASS" starttime="20190103 13:46:10.244" endtime="20190103 13:46:10.292"></status>
</kw>
<status status="PASS" starttime="20190103 13:46:09.325" endtime="20190103 13:46:10.292"></status>
</kw>
<kw name="End Web Test" library="Common" type="teardown">
<kw name="Close Browser" library="SeleniumLibrary">
<doc>Closes the current browser.</doc>
<status status="PASS" starttime="20190103 13:46:10.293" endtime="20190103 13:46:10.363"></status>
</kw>
<status status="PASS" starttime="20190103 13:46:10.292" endtime="20190103 13:46:10.364"></status>
</kw>
<doc>This is some basic info about the test</doc>
<tags>
<tag>Smoke</tag>
</tags>
<status status="PASS" starttime="20190103 13:46:00.561" endtime="20190103 13:46:10.364" critical="yes"></status>
</test>
<doc>This is some basic info about the test suite</doc>
<status status="PASS" starttime="20190103 13:45:52.681" endtime="20190103 13:46:10.366"></status>
</suite>
<statistics>
<total>
<stat pass="2" fail="0">Critical Tests</stat>
<stat pass="2" fail="0">All Tests</stat>
</total>
<tag>
<stat pass="2" fail="0">Smoke</stat>
</tag>
<suite>
<stat pass="2" fail="0" id="s1" name="AZ">AZ</stat>
</suite>
</statistics>
<errors>
</errors>
</robot>
